#
# There is insufficient memory for the Java Runtime Environment to continue.
# Native memory allocation (malloc) failed to allocate 200816 bytes for Chunk::new
# Possible reasons:
#   The system is out of physical RAM or swap space
#   The process is running with CompressedOops enabled, and the Java Heap may be blocking the growth of the native heap
# Possible solutions:
#   Reduce memory load on the system
#   Increase physical memory or swap space
#   Check if swap backing store is full
#   Decrease Java heap size (-Xmx/-Xms)
#   Decrease number of Java threads
#   Decrease Java thread stack sizes (-Xss)
#   Set larger code cache with -XX:ReservedCodeCacheSize=
#   JVM is running with Unscaled Compressed Oops mode in which the Java heap is
#     placed in the first 4GB address space. The Java Heap base address is the
#     maximum limit for the native heap growth. Please use -XX:HeapBaseMinAddress
#     to set the Java Heap base and to place the Java Heap above 4GB virtual address.
# This output file may be truncated or incomplete.
#
#  Out of Memory Error (arena.cpp:189), pid=3684, tid=17772
#
# JRE version: Java(TM) SE Runtime Environment (17.0+35) (build 17+35-LTS-2724)
# Java VM: Java HotSpot(TM) 64-Bit Server VM (17+35-LTS-2724, mixed mode, sharing, tiered, compressed oops, compressed class ptrs, g1 gc, windows-amd64)
# No core dump will be written. Minidumps are not enabled by default on client versions of Windows
#

---------------  S U M M A R Y ------------

Command Line: -Xmx64m -Xms64m -Dorg.gradle.appname=gradlew org.gradle.wrapper.GradleWrapperMain app:installDebug -PreactNativeDevServerPort=8081

Host: 11th Gen Intel(R) Core(TM) i3-1115G4 @ 3.00GHz, 4 cores, 7G,  Windows 10 , 64 bit Build 26100 (10.0.26100.3912)
Time: Tue May 20 18:16:37 2025 India Standard Time elapsed time: 0.775991 seconds (0d 0h 0m 0s)

---------------  T H R E A D  ---------------

Current thread (0x000001a599453fb0):  JavaThread "C2 CompilerThread1" daemon [_thread_in_native, id=17772, stack(0x0000001485e00000,0x0000001485f00000)]


Current CompileTask:
C2:    776  499       4       java.util.HashSet::add (20 bytes)

Stack: [0x0000001485e00000,0x0000001485f00000]
Native frames: (J=compiled Java code, j=interpreted, Vv=VM code, C=native code)
V  [jvm.dll+0x66f8ea]
V  [jvm.dll+0x7ce224]
V  [jvm.dll+0x7cf9ce]
V  [jvm.dll+0x7d0033]
V  [jvm.dll+0x242bb5]
V  [jvm.dll+0xaa05b]
V  [jvm.dll+0xaa5ec]
V  [jvm.dll+0x2a954f]
V  [jvm.dll+0x5784b9]
V  [jvm.dll+0x21de2d]
V  [jvm.dll+0x217651]
V  [jvm.dll+0x214fb5]
V  [jvm.dll+0x1a168d]
V  [jvm.dll+0x2248f8]
V  [jvm.dll+0x222a5c]
V  [jvm.dll+0x78422b]
V  [jvm.dll+0x77e7ea]
V  [jvm.dll+0x66e715]
C  [ucrtbase.dll+0x37b0]
C  [KERNEL32.DLL+0x2e8d7]
C  [ntdll.dll+0x9c5dc]


---------------  P R O C E S S  ---------------

Threads class SMR info:
_java_thread_list=0x000001a5992d3c70, length=13, elements={
0x000001a5fefbb5a0, 0x000001a5ff058480, 0x000001a5ff05bbb0, 0x000001a5ff073550,
0x000001a5ff076010, 0x000001a5ff0769c0, 0x000001a5ff077370, 0x000001a5ff07abe0,
0x000001a5ff07e5b0, 0x000001a5ff6e63a0, 0x000001a599170b80, 0x000001a5991758b0,
0x000001a599453fb0
}

Java Threads: ( => current thread )
  0x000001a5fefbb5a0 JavaThread "main" [_thread_in_native, id=11108, stack(0x0000001484800000,0x0000001484900000)]
  0x000001a5ff058480 JavaThread "Reference Handler" daemon [_thread_blocked, id=17508, stack(0x0000001484f00000,0x0000001485000000)]
  0x000001a5ff05bbb0 JavaThread "Finalizer" daemon [_thread_blocked, id=12776, stack(0x0000001485000000,0x0000001485100000)]
  0x000001a5ff073550 JavaThread "Signal Dispatcher" daemon [_thread_blocked, id=15908, stack(0x0000001485100000,0x0000001485200000)]
  0x000001a5ff076010 JavaThread "Attach Listener" daemon [_thread_blocked, id=17336, stack(0x0000001485200000,0x0000001485300000)]
  0x000001a5ff0769c0 JavaThread "Service Thread" daemon [_thread_blocked, id=9228, stack(0x0000001485300000,0x0000001485400000)]
  0x000001a5ff077370 JavaThread "Monitor Deflation Thread" daemon [_thread_blocked, id=8348, stack(0x0000001485400000,0x0000001485500000)]
  0x000001a5ff07abe0 JavaThread "C2 CompilerThread0" daemon [_thread_in_native, id=552, stack(0x0000001485500000,0x0000001485600000)]
  0x000001a5ff07e5b0 JavaThread "C1 CompilerThread0" daemon [_thread_blocked, id=11436, stack(0x0000001485600000,0x0000001485700000)]
  0x000001a5ff6e63a0 JavaThread "Sweeper thread" daemon [_thread_blocked, id=2972, stack(0x0000001485700000,0x0000001485800000)]
  0x000001a599170b80 JavaThread "Notification Thread" daemon [_thread_blocked, id=3572, stack(0x0000001485800000,0x0000001485900000)]
  0x000001a5991758b0 JavaThread "Common-Cleaner" daemon [_thread_blocked, id=16552, stack(0x0000001485a00000,0x0000001485b00000)]
=>0x000001a599453fb0 JavaThread "C2 CompilerThread1" daemon [_thread_in_native, id=17772, stack(0x0000001485e00000,0x0000001485f00000)]

Other Threads:
  0x000001a5ff051e70 VMThread "VM Thread" [stack: 0x0000001484e00000,0x0000001484f00000] [id=10508]
  0x000001a5fefe6c90 WatcherThread [stack: 0x0000001485900000,0x0000001485a00000] [id=18116]
  0x000001a5fefdb130 GCTaskThread "GC Thread#0" [stack: 0x0000001484900000,0x0000001484a00000] [id=16776]
  0x000001a5992bafc0 GCTaskThread "GC Thread#1" [stack: 0x0000001485b00000,0x0000001485c00000] [id=16396]
  0x000001a599427730 GCTaskThread "GC Thread#2" [stack: 0x0000001485c00000,0x0000001485d00000] [id=14440]
  0x000001a5994554d0 GCTaskThread "GC Thread#3" [stack: 0x0000001485d00000,0x0000001485e00000] [id=13996]
  0x000001a5fefdd880 ConcurrentGCThread "G1 Main Marker" [stack: 0x0000001484a00000,0x0000001484b00000] [id=8260]
  0x000001a5fefde290 ConcurrentGCThread "G1 Conc#0" [stack: 0x0000001484b00000,0x0000001484c00000] [id=10332]
  0x000001a5ff037950 ConcurrentGCThread "G1 Refine#0" [stack: 0x0000001484c00000,0x0000001484d00000] [id=13200]
  0x000001a5ff039220 ConcurrentGCThread "G1 Service" [stack: 0x0000001484d00000,0x0000001484e00000] [id=17216]

Threads with active compile tasks:
C2 CompilerThread0      820  546 %     4       java.lang.StringLatin1::replace @ 13 (198 bytes)
C2 CompilerThread1      820  499       4       java.util.HashSet::add (20 bytes)

VM state: not at safepoint (normal execution)

VM Mutex/Monitor currently owned by a thread: None

Heap address: 0x00000000fc000000, size: 64 MB, Compressed Oops mode: 32-bit

CDS archive(s) mapped at: [0x0000000800000000-0x0000000800bc0000-0x0000000800bc0000), size 12320768, SharedBaseAddress: 0x0000000800000000, ArchiveRelocationMode: 0.
Compressed class space mapped at: 0x0000000800c00000-0x0000000840c00000, reserved size: 1073741824
Narrow klass base: 0x0000000800000000, Narrow klass shift: 0, Narrow klass range: 0x100000000

GC Precious Log:
 CPUs: 4 total, 4 available
 Memory: 7834M
 Large Page Support: Disabled
 NUMA Support: Disabled
 Compressed Oops: Enabled (32-bit)
 Heap Region Size: 1M
 Heap Min Capacity: 64M
 Heap Initial Capacity: 64M
 Heap Max Capacity: 64M
 Pre-touch: Disabled
 Parallel Workers: 4
 Concurrent Workers: 1
 Concurrent Refinement Workers: 4
 Periodic GC: Disabled

Heap:
 garbage-first heap   total 65536K, used 7616K [0x00000000fc000000, 0x0000000100000000)
  region size 1024K, 9 young (9216K), 2 survivors (2048K)
 Metaspace       used 1693K, committed 1792K, reserved 1056768K
  class space    used 153K, committed 192K, reserved 1048576K

Heap Regions: E=young(eden), S=young(survivor), O=old, HS=humongous(starts), HC=humongous(continues), CS=collection set, F=free, OA=open archive, CA=closed archive, TAMS=top-at-mark-start (previous, next)
|   0|0x00000000fc000000, 0x00000000fc000000, 0x00000000fc100000|  0%| F|  |TAMS 0x00000000fc000000, 0x00000000fc000000| Untracked 
|   1|0x00000000fc100000, 0x00000000fc100000, 0x00000000fc200000|  0%| F|  |TAMS 0x00000000fc100000, 0x00000000fc100000| Untracked 
|   2|0x00000000fc200000, 0x00000000fc200000, 0x00000000fc300000|  0%| F|  |TAMS 0x00000000fc200000, 0x00000000fc200000| Untracked 
|   3|0x00000000fc300000, 0x00000000fc300000, 0x00000000fc400000|  0%| F|  |TAMS 0x00000000fc300000, 0x00000000fc300000| Untracked 
|   4|0x00000000fc400000, 0x00000000fc400000, 0x00000000fc500000|  0%| F|  |TAMS 0x00000000fc400000, 0x00000000fc400000| Untracked 
|   5|0x00000000fc500000, 0x00000000fc500000, 0x00000000fc600000|  0%| F|  |TAMS 0x00000000fc500000, 0x00000000fc500000| Untracked 
|   6|0x00000000fc600000, 0x00000000fc600000, 0x00000000fc700000|  0%| F|  |TAMS 0x00000000fc600000, 0x00000000fc600000| Untracked 
|   7|0x00000000fc700000, 0x00000000fc700000, 0x00000000fc800000|  0%| F|  |TAMS 0x00000000fc700000, 0x00000000fc700000| Untracked 
|   8|0x00000000fc800000, 0x00000000fc800000, 0x00000000fc900000|  0%| F|  |TAMS 0x00000000fc800000, 0x00000000fc800000| Untracked 
|   9|0x00000000fc900000, 0x00000000fc900000, 0x00000000fca00000|  0%| F|  |TAMS 0x00000000fc900000, 0x00000000fc900000| Untracked 
|  10|0x00000000fca00000, 0x00000000fca00000, 0x00000000fcb00000|  0%| F|  |TAMS 0x00000000fca00000, 0x00000000fca00000| Untracked 
|  11|0x00000000fcb00000, 0x00000000fcb00000, 0x00000000fcc00000|  0%| F|  |TAMS 0x00000000fcb00000, 0x00000000fcb00000| Untracked 
|  12|0x00000000fcc00000, 0x00000000fcc00000, 0x00000000fcd00000|  0%| F|  |TAMS 0x00000000fcc00000, 0x00000000fcc00000| Untracked 
|  13|0x00000000fcd00000, 0x00000000fcd00000, 0x00000000fce00000|  0%| F|  |TAMS 0x00000000fcd00000, 0x00000000fcd00000| Untracked 
|  14|0x00000000fce00000, 0x00000000fce00000, 0x00000000fcf00000|  0%| F|  |TAMS 0x00000000fce00000, 0x00000000fce00000| Untracked 
|  15|0x00000000fcf00000, 0x00000000fcf00000, 0x00000000fd000000|  0%| F|  |TAMS 0x00000000fcf00000, 0x00000000fcf00000| Untracked 
|  16|0x00000000fd000000, 0x00000000fd000000, 0x00000000fd100000|  0%| F|  |TAMS 0x00000000fd000000, 0x00000000fd000000| Untracked 
|  17|0x00000000fd100000, 0x00000000fd100000, 0x00000000fd200000|  0%| F|  |TAMS 0x00000000fd100000, 0x00000000fd100000| Untracked 
|  18|0x00000000fd200000, 0x00000000fd200000, 0x00000000fd300000|  0%| F|  |TAMS 0x00000000fd200000, 0x00000000fd200000| Untracked 
|  19|0x00000000fd300000, 0x00000000fd300000, 0x00000000fd400000|  0%| F|  |TAMS 0x00000000fd300000, 0x00000000fd300000| Untracked 
|  20|0x00000000fd400000, 0x00000000fd400000, 0x00000000fd500000|  0%| F|  |TAMS 0x00000000fd400000, 0x00000000fd400000| Untracked 
|  21|0x00000000fd500000, 0x00000000fd500000, 0x00000000fd600000|  0%| F|  |TAMS 0x00000000fd500000, 0x00000000fd500000| Untracked 
|  22|0x00000000fd600000, 0x00000000fd600000, 0x00000000fd700000|  0%| F|  |TAMS 0x00000000fd600000, 0x00000000fd600000| Untracked 
|  23|0x00000000fd700000, 0x00000000fd700000, 0x00000000fd800000|  0%| F|  |TAMS 0x00000000fd700000, 0x00000000fd700000| Untracked 
|  24|0x00000000fd800000, 0x00000000fd800000, 0x00000000fd900000|  0%| F|  |TAMS 0x00000000fd800000, 0x00000000fd800000| Untracked 
|  25|0x00000000fd900000, 0x00000000fd900000, 0x00000000fda00000|  0%| F|  |TAMS 0x00000000fd900000, 0x00000000fd900000| Untracked 
|  26|0x00000000fda00000, 0x00000000fda00000, 0x00000000fdb00000|  0%| F|  |TAMS 0x00000000fda00000, 0x00000000fda00000| Untracked 
|  27|0x00000000fdb00000, 0x00000000fdb00000, 0x00000000fdc00000|  0%| F|  |TAMS 0x00000000fdb00000, 0x00000000fdb00000| Untracked 
|  28|0x00000000fdc00000, 0x00000000fdc00000, 0x00000000fdd00000|  0%| F|  |TAMS 0x00000000fdc00000, 0x00000000fdc00000| Untracked 
|  29|0x00000000fdd00000, 0x00000000fdd00000, 0x00000000fde00000|  0%| F|  |TAMS 0x00000000fdd00000, 0x00000000fdd00000| Untracked 
|  30|0x00000000fde00000, 0x00000000fde00000, 0x00000000fdf00000|  0%| F|  |TAMS 0x00000000fde00000, 0x00000000fde00000| Untracked 
|  31|0x00000000fdf00000, 0x00000000fdf00000, 0x00000000fe000000|  0%| F|  |TAMS 0x00000000fdf00000, 0x00000000fdf00000| Untracked 
|  32|0x00000000fe000000, 0x00000000fe000000, 0x00000000fe100000|  0%| F|  |TAMS 0x00000000fe000000, 0x00000000fe000000| Untracked 
|  33|0x00000000fe100000, 0x00000000fe100000, 0x00000000fe200000|  0%| F|  |TAMS 0x00000000fe100000, 0x00000000fe100000| Untracked 
|  34|0x00000000fe200000, 0x00000000fe200000, 0x00000000fe300000|  0%| F|  |TAMS 0x00000000fe200000, 0x00000000fe200000| Untracked 
|  35|0x00000000fe300000, 0x00000000fe300000, 0x00000000fe400000|  0%| F|  |TAMS 0x00000000fe300000, 0x00000000fe300000| Untracked 
|  36|0x00000000fe400000, 0x00000000fe400000, 0x00000000fe500000|  0%| F|  |TAMS 0x00000000fe400000, 0x00000000fe400000| Untracked 
|  37|0x00000000fe500000, 0x00000000fe500000, 0x00000000fe600000|  0%| F|  |TAMS 0x00000000fe500000, 0x00000000fe500000| Untracked 
|  38|0x00000000fe600000, 0x00000000fe600000, 0x00000000fe700000|  0%| F|  |TAMS 0x00000000fe600000, 0x00000000fe600000| Untracked 
|  39|0x00000000fe700000, 0x00000000fe700000, 0x00000000fe800000|  0%| F|  |TAMS 0x00000000fe700000, 0x00000000fe700000| Untracked 
|  40|0x00000000fe800000, 0x00000000fe800000, 0x00000000fe900000|  0%| F|  |TAMS 0x00000000fe800000, 0x00000000fe800000| Untracked 
|  41|0x00000000fe900000, 0x00000000fe900000, 0x00000000fea00000|  0%| F|  |TAMS 0x00000000fe900000, 0x00000000fe900000| Untracked 
|  42|0x00000000fea00000, 0x00000000fea00000, 0x00000000feb00000|  0%| F|  |TAMS 0x00000000fea00000, 0x00000000fea00000| Untracked 
|  43|0x00000000feb00000, 0x00000000feb00000, 0x00000000fec00000|  0%| F|  |TAMS 0x00000000feb00000, 0x00000000feb00000| Untracked 
|  44|0x00000000fec00000, 0x00000000fec00000, 0x00000000fed00000|  0%| F|  |TAMS 0x00000000fec00000, 0x00000000fec00000| Untracked 
|  45|0x00000000fed00000, 0x00000000fed00000, 0x00000000fee00000|  0%| F|  |TAMS 0x00000000fed00000, 0x00000000fed00000| Untracked 
|  46|0x00000000fee00000, 0x00000000fee00000, 0x00000000fef00000|  0%| F|  |TAMS 0x00000000fee00000, 0x00000000fee00000| Untracked 
|  47|0x00000000fef00000, 0x00000000fef00000, 0x00000000ff000000|  0%| F|  |TAMS 0x00000000fef00000, 0x00000000fef00000| Untracked 
|  48|0x00000000ff000000, 0x00000000ff000000, 0x00000000ff100000|  0%| F|  |TAMS 0x00000000ff000000, 0x00000000ff000000| Untracked 
|  49|0x00000000ff100000, 0x00000000ff170000, 0x00000000ff200000| 43%| S|CS|TAMS 0x00000000ff100000, 0x00000000ff100000| Complete 
|  50|0x00000000ff200000, 0x00000000ff300000, 0x00000000ff300000|100%| S|CS|TAMS 0x00000000ff200000, 0x00000000ff200000| Complete 
|  51|0x00000000ff300000, 0x00000000ff300000, 0x00000000ff400000|  0%| F|  |TAMS 0x00000000ff300000, 0x00000000ff300000| Untracked 
|  52|0x00000000ff400000, 0x00000000ff400000, 0x00000000ff500000|  0%| F|  |TAMS 0x00000000ff400000, 0x00000000ff400000| Untracked 
|  53|0x00000000ff500000, 0x00000000ff500000, 0x00000000ff600000|  0%| F|  |TAMS 0x00000000ff500000, 0x00000000ff500000| Untracked 
|  54|0x00000000ff600000, 0x00000000ff600000, 0x00000000ff700000|  0%| F|  |TAMS 0x00000000ff600000, 0x00000000ff600000| Untracked 
|  55|0x00000000ff700000, 0x00000000ff700000, 0x00000000ff800000|  0%| F|  |TAMS 0x00000000ff700000, 0x00000000ff700000| Untracked 
|  56|0x00000000ff800000, 0x00000000ff800000, 0x00000000ff900000|  0%| F|  |TAMS 0x00000000ff800000, 0x00000000ff800000| Untracked 
|  57|0x00000000ff900000, 0x00000000ff95aca0, 0x00000000ffa00000| 35%| E|  |TAMS 0x00000000ff900000, 0x00000000ff900000| Complete 
|  58|0x00000000ffa00000, 0x00000000ffb00000, 0x00000000ffb00000|100%| E|CS|TAMS 0x00000000ffa00000, 0x00000000ffa00000| Complete 
|  59|0x00000000ffb00000, 0x00000000ffc00000, 0x00000000ffc00000|100%| E|CS|TAMS 0x00000000ffb00000, 0x00000000ffb00000| Complete 
|  60|0x00000000ffc00000, 0x00000000ffd00000, 0x00000000ffd00000|100%| E|CS|TAMS 0x00000000ffc00000, 0x00000000ffc00000| Complete 
|  61|0x00000000ffd00000, 0x00000000ffe00000, 0x00000000ffe00000|100%| E|CS|TAMS 0x00000000ffd00000, 0x00000000ffd00000| Complete 
|  62|0x00000000ffe00000, 0x00000000fff00000, 0x00000000fff00000|100%| E|CS|TAMS 0x00000000ffe00000, 0x00000000ffe00000| Complete 
|  63|0x00000000fff00000, 0x0000000100000000, 0x0000000100000000|100%| E|CS|TAMS 0x00000000fff00000, 0x00000000fff00000| Complete 

Card table byte_map: [0x000001a5fcf80000,0x000001a5fcfa0000] _byte_map_base: 0x000001a5fc7a0000

Marking Bits (Prev, Next): (CMBitMap*) 0x000001a5fefdc750, (CMBitMap*) 0x000001a5fefdc790
 Prev Bits: [0x000001a5feda0000, 0x000001a5feea0000)
 Next Bits: [0x000001a5ff080000, 0x000001a5ff180000)

Polling page: 0x000001a5fcf30000

Metaspace:

Usage:
  Non-class:      1.50 MB used.
      Class:    153.30 KB used.
       Both:      1.65 MB used.

Virtual space:
  Non-class space:        8.00 MB reserved,       1.56 MB ( 20%) committed,  1 nodes.
      Class space:        1.00 GB reserved,     192.00 KB ( <1%) committed,  1 nodes.
             Both:        1.01 GB reserved,       1.75 MB ( <1%) committed. 

Chunk freelists:
   Non-Class:  3.73 MB
       Class:  3.69 MB
        Both:  7.43 MB

MaxMetaspaceSize: unlimited
CompressedClassSpaceSize: 1.00 GB
Initial GC threshold: 21.00 MB
Current GC threshold: 21.00 MB
CDS: on
MetaspaceReclaimPolicy: balanced
 - commit_granule_bytes: 65536.
 - commit_granule_words: 8192.
 - virtual_space_node_default_size: 1048576.
 - enlarge_chunks_in_place: 1.
 - new_chunks_are_fully_committed: 0.
 - uncommit_free_chunks: 1.
 - use_allocation_guard: 0.
 - handle_deallocations: 1.


Internal statistics:

num_allocs_failed_limit: 0.
num_arena_births: 12.
num_arena_deaths: 0.
num_vsnodes_births: 2.
num_vsnodes_deaths: 0.
num_space_committed: 28.
num_space_uncommitted: 0.
num_chunks_returned_to_freelist: 0.
num_chunks_taken_from_freelist: 41.
num_chunk_merges: 0.
num_chunk_splits: 18.
num_chunks_enlarged: 13.
num_purges: 0.
num_inconsistent_stats: 0.

CodeHeap 'non-profiled nmethods': size=120000Kb used=204Kb max_used=204Kb free=119795Kb
 bounds [0x000001a58f200000, 0x000001a58f470000, 0x000001a596730000]
CodeHeap 'profiled nmethods': size=120000Kb used=906Kb max_used=906Kb free=119093Kb
 bounds [0x000001a587cd0000, 0x000001a587f40000, 0x000001a58f200000]
CodeHeap 'non-nmethods': size=5760Kb used=1131Kb max_used=1148Kb free=4628Kb
 bounds [0x000001a587730000, 0x000001a5879a0000, 0x000001a587cd0000]
 total_blobs=951 nmethods=551 adapters=313
 compilation: enabled
              stopped_count=0, restarted_count=0
 full_count=0

Compilation events (20 events):
Event: 0.736 Thread 0x000001a5ff07abe0  498       4       java.util.HashMap::putVal (300 bytes)
Event: 0.737 Thread 0x000001a5ff07e5b0  512       3       java.util.HashMap::put (13 bytes)
Event: 0.737 Thread 0x000001a5ff07e5b0 nmethod 512 0x000001a587d9ab10 code [0x000001a587d9acc0, 0x000001a587d9afb8]
Event: 0.748 Thread 0x000001a5ff07abe0 nmethod 498 0x000001a58f22d090 code [0x000001a58f22d280, 0x000001a58f22dbb0]
Event: 0.749 Thread 0x000001a5ff07abe0  516 %     4       java.lang.StringLatin1::compareToCI @ 16 (108 bytes)
Event: 0.750 Thread 0x000001a599453fb0  499       4       java.util.HashSet::add (20 bytes)
Event: 0.752 Thread 0x000001a5ff07e5b0  517       3       java.util.Optional::orElse (16 bytes)
Event: 0.753 Thread 0x000001a5ff07e5b0 nmethod 517 0x000001a587d9b110 code [0x000001a587d9b2a0, 0x000001a587d9b418]
Event: 0.754 Thread 0x000001a5ff07e5b0  518       1       java.nio.Buffer::limit (5 bytes)
Event: 0.754 Thread 0x000001a5ff07e5b0 nmethod 518 0x000001a58f22e390 code [0x000001a58f22e520, 0x000001a58f22e5f8]
Event: 0.755 Thread 0x000001a5ff07e5b0  519   !   3       java.nio.DirectByteBuffer::get (34 bytes)
Event: 0.755 Thread 0x000001a5ff07e5b0 nmethod 519 0x000001a587d9b490 code [0x000001a587d9b6c0, 0x000001a587d9bf18]
Event: 0.756 Thread 0x000001a5ff07e5b0  521       3       java.nio.DirectByteBuffer::ix (10 bytes)
Event: 0.756 Thread 0x000001a5ff07abe0 nmethod 516% 0x000001a58f22ea90 code [0x000001a58f22ec20, 0x000001a58f22efb8]
Event: 0.756 Thread 0x000001a5ff07abe0  508       4       java.io.File::hashCode (8 bytes)
Event: 0.756 Thread 0x000001a5ff07e5b0 nmethod 521 0x000001a587d9c390 code [0x000001a587d9c520, 0x000001a587d9c638]
Event: 0.757 Thread 0x000001a5ff07e5b0  522       3       jdk.internal.jimage.ImageStringsReader::unmaskedHashCode (166 bytes)
Event: 0.758 Thread 0x000001a5ff07e5b0 nmethod 522 0x000001a587d9c710 code [0x000001a587d9c960, 0x000001a587d9d558]
Event: 0.758 Thread 0x000001a5ff07e5b0  523   !   3       jdk.internal.loader.URLClassPath$JarLoader::ensureOpen (36 bytes)
Event: 0.759 Thread 0x000001a5ff07e5b0 nmethod 523 0x000001a587d9da90 code [0x000001a587d9dc60, 0x000001a587d9e098]

GC Heap History (2 events):
Event: 0.588 GC heap before
{Heap before GC invocations=0 (full 0):
 garbage-first heap   total 65536K, used 12288K [0x00000000fc000000, 0x0000000100000000)
  region size 1024K, 13 young (13312K), 0 survivors (0K)
 Metaspace       used 1615K, committed 1728K, reserved 1056768K
  class space    used 151K, committed 192K, reserved 1048576K
}
Event: 0.603 GC heap after
{Heap after GC invocations=1 (full 0):
 garbage-first heap   total 65536K, used 1472K [0x00000000fc000000, 0x0000000100000000)
  region size 1024K, 2 young (2048K), 2 survivors (2048K)
 Metaspace       used 1615K, committed 1728K, reserved 1056768K
  class space    used 151K, committed 192K, reserved 1048576K
}

Deoptimization events (20 events):
Event: 0.723 Thread 0x000001a5fefbb5a0 Uncommon trap: trap_request=0xffffffde fr.pc=0x000001a58f22b2dc relative=0x000000000000067c
Event: 0.723 Thread 0x000001a5fefbb5a0 Uncommon trap: reason=class_check action=maybe_recompile pc=0x000001a58f22b2dc method=java.util.HashMap.putVal(ILjava/lang/Object;Ljava/lang/Object;ZZ)Ljava/lang/Object; @ 253 c2
Event: 0.723 Thread 0x000001a5fefbb5a0 DEOPT PACKING pc=0x000001a58f22b2dc sp=0x00000014848fe0b0
Event: 0.723 Thread 0x000001a5fefbb5a0 DEOPT UNPACKING pc=0x000001a587785c23 sp=0x00000014848fe040 mode 2
Event: 0.723 Thread 0x000001a5fefbb5a0 Uncommon trap: trap_request=0xffffffde fr.pc=0x000001a58f22b2dc relative=0x000000000000067c
Event: 0.723 Thread 0x000001a5fefbb5a0 Uncommon trap: reason=class_check action=maybe_recompile pc=0x000001a58f22b2dc method=java.util.HashMap.putVal(ILjava/lang/Object;Ljava/lang/Object;ZZ)Ljava/lang/Object; @ 253 c2
Event: 0.723 Thread 0x000001a5fefbb5a0 DEOPT PACKING pc=0x000001a58f22b2dc sp=0x00000014848fe0b0
Event: 0.723 Thread 0x000001a5fefbb5a0 DEOPT UNPACKING pc=0x000001a587785c23 sp=0x00000014848fe040 mode 2
Event: 0.723 Thread 0x000001a5fefbb5a0 Uncommon trap: trap_request=0xffffffde fr.pc=0x000001a58f22b2dc relative=0x000000000000067c
Event: 0.723 Thread 0x000001a5fefbb5a0 Uncommon trap: reason=class_check action=maybe_recompile pc=0x000001a58f22b2dc method=java.util.HashMap.putVal(ILjava/lang/Object;Ljava/lang/Object;ZZ)Ljava/lang/Object; @ 253 c2
Event: 0.723 Thread 0x000001a5fefbb5a0 DEOPT PACKING pc=0x000001a58f22b2dc sp=0x00000014848fe0b0
Event: 0.723 Thread 0x000001a5fefbb5a0 DEOPT UNPACKING pc=0x000001a587785c23 sp=0x00000014848fe040 mode 2
Event: 0.723 Thread 0x000001a5fefbb5a0 Uncommon trap: trap_request=0xffffffde fr.pc=0x000001a58f22b2dc relative=0x000000000000067c
Event: 0.723 Thread 0x000001a5fefbb5a0 Uncommon trap: reason=class_check action=maybe_recompile pc=0x000001a58f22b2dc method=java.util.HashMap.putVal(ILjava/lang/Object;Ljava/lang/Object;ZZ)Ljava/lang/Object; @ 253 c2
Event: 0.723 Thread 0x000001a5fefbb5a0 DEOPT PACKING pc=0x000001a58f22b2dc sp=0x00000014848fe0b0
Event: 0.723 Thread 0x000001a5fefbb5a0 DEOPT UNPACKING pc=0x000001a587785c23 sp=0x00000014848fe040 mode 2
Event: 0.736 Thread 0x000001a5fefbb5a0 Uncommon trap: trap_request=0xffffff45 fr.pc=0x000001a58f22ca20 relative=0x0000000000000d40
Event: 0.736 Thread 0x000001a5fefbb5a0 Uncommon trap: reason=unstable_if action=reinterpret pc=0x000001a58f22ca20 method=java.util.HashMap.putVal(ILjava/lang/Object;Ljava/lang/Object;ZZ)Ljava/lang/Object; @ 81 c2
Event: 0.736 Thread 0x000001a5fefbb5a0 DEOPT PACKING pc=0x000001a58f22ca20 sp=0x00000014848fe470
Event: 0.737 Thread 0x000001a5fefbb5a0 DEOPT UNPACKING pc=0x000001a587785c23 sp=0x00000014848fe380 mode 2

Classes unloaded (0 events):
No events

Classes redefined (0 events):
No events

Internal exceptions (1 events):
Event: 0.226 Thread 0x000001a5fefbb5a0 Exception <a 'java/lang/NoSuchMethodError'{0x00000000ffddf350}: 'int java.lang.invoke.DirectMethodHandle$Holder.invokeStaticInit(java.lang.Object, java.lang.Object)'> (0x00000000ffddf350) 
thrown [t:\workspace\open\src\hotspot\share\interpreter\linkResolver.cpp, line 766]

VM Operations (4 events):
Event: 0.080 Executing VM operation: HandshakeAllThreads
Event: 0.080 Executing VM operation: HandshakeAllThreads done
Event: 0.586 Executing VM operation: G1CollectForAllocation
Event: 0.606 Executing VM operation: G1CollectForAllocation done

Events (20 events):
Event: 0.211 loading class java/io/FilePermission$1
Event: 0.211 loading class jdk/internal/access/JavaIOFilePermissionAccess
Event: 0.211 loading class jdk/internal/access/JavaIOFilePermissionAccess done
Event: 0.211 loading class java/io/FilePermission$1 done
Event: 0.211 loading class java/io/FilePermissionCollection
Event: 0.212 loading class java/io/FilePermissionCollection done
Event: 0.212 loading class java/util/Vector
Event: 0.212 loading class java/util/Vector done
Event: 0.212 loading class java/io/FilePermissionCollection$1
Event: 0.212 loading class java/io/FilePermissionCollection$1 done
Event: 0.233 loading class java/net/MalformedURLException
Event: 0.233 loading class java/net/MalformedURLException done
Event: 0.234 loading class java/io/FileFilter
Event: 0.234 loading class java/io/FileFilter done
Event: 0.291 loading class java/util/AbstractList$Itr
Event: 0.291 loading class java/util/AbstractList$Itr done
Event: 0.309 loading class java/lang/invoke/DirectMethodHandle$Special
Event: 0.309 loading class java/lang/invoke/DirectMethodHandle$Special done
Event: 0.748 Thread 0x000001a599453fb0 Thread added: 0x000001a599453fb0
Event: 0.751 Loaded shared library C:\Program Files\Java\jdk-17\bin\jimage.dll


Dynamic libraries:
0x00007ff7bc2e0000 - 0x00007ff7bc2f0000 	C:\Program Files\Java\jdk-17\bin\java.exe
0x00007ff8eb680000 - 0x00007ff8eb8e6000 	C:\WINDOWS\SYSTEM32\ntdll.dll
0x00007ff8ea2d0000 - 0x00007ff8ea399000 	C:\WINDOWS\System32\KERNEL32.DLL
0x00007ff8e8b10000 - 0x00007ff8e8edc000 	C:\WINDOWS\System32\KERNELBASE.dll
0x00007ff8e89c0000 - 0x00007ff8e8b0b000 	C:\WINDOWS\System32\ucrtbase.dll
0x00007ff89e450000 - 0x00007ff89e46a000 	C:\Program Files\Java\jdk-17\bin\VCRUNTIME140.dll
0x00007ff89e430000 - 0x00007ff89e448000 	C:\Program Files\Java\jdk-17\bin\jli.dll
0x00007ff8e9e00000 - 0x00007ff8e9eb2000 	C:\WINDOWS\System32\ADVAPI32.dll
0x00007ff8e9d50000 - 0x00007ff8e9df9000 	C:\WINDOWS\System32\msvcrt.dll
0x00007ff8ea110000 - 0x00007ff8ea1b6000 	C:\WINDOWS\System32\sechost.dll
0x00007ff8eb400000 - 0x00007ff8eb516000 	C:\WINDOWS\System32\RPCRT4.dll
0x00007ff8e9b80000 - 0x00007ff8e9d4a000 	C:\WINDOWS\System32\USER32.dll
0x00007ff8e8810000 - 0x00007ff8e8837000 	C:\WINDOWS\System32\win32u.dll
0x00007ff8eb520000 - 0x00007ff8eb54b000 	C:\WINDOWS\System32\GDI32.dll
0x00007ff8e8ee0000 - 0x00007ff8e9012000 	C:\WINDOWS\System32\gdi32full.dll
0x00007ff8ca590000 - 0x00007ff8ca82a000 	C:\WINDOWS\WinSxS\amd64_microsoft.windows.common-controls_6595b64144ccf1df_6.0.26100.3912_none_3e07963ce335137e\COMCTL32.dll
0x00007ff8e9020000 - 0x00007ff8e90c3000 	C:\WINDOWS\System32\msvcp_win.dll
0x00007ff8d55e0000 - 0x00007ff8d55eb000 	C:\WINDOWS\SYSTEM32\VERSION.dll
0x00007ff8eb190000 - 0x00007ff8eb1c0000 	C:\WINDOWS\System32\IMM32.DLL
0x00007ff8b3240000 - 0x00007ff8b324c000 	C:\Program Files\Java\jdk-17\bin\vcruntime140_1.dll
0x00007ff89e3a0000 - 0x00007ff89e42d000 	C:\Program Files\Java\jdk-17\bin\msvcp140.dll
0x00007ff89d760000 - 0x00007ff89e31e000 	C:\Program Files\Java\jdk-17\bin\server\jvm.dll
0x00007ff8e9440000 - 0x00007ff8e9448000 	C:\WINDOWS\System32\PSAPI.DLL
0x00007ff8e0a70000 - 0x00007ff8e0aa6000 	C:\WINDOWS\SYSTEM32\WINMM.dll
0x00007ff8ac5b0000 - 0x00007ff8ac5ba000 	C:\WINDOWS\SYSTEM32\WSOCK32.dll
0x00007ff8ea840000 - 0x00007ff8ea8b4000 	C:\WINDOWS\System32\WS2_32.dll
0x00007ff8e7590000 - 0x00007ff8e75aa000 	C:\WINDOWS\SYSTEM32\kernel.appcore.dll
0x00007ff8a8690000 - 0x00007ff8a869a000 	C:\Program Files\Java\jdk-17\bin\jimage.dll
0x00007ff8e5710000 - 0x00007ff8e5951000 	C:\WINDOWS\SYSTEM32\DBGHELP.DLL
0x00007ff8ea3a0000 - 0x00007ff8ea724000 	C:\WINDOWS\System32\combase.dll
0x00007ff8eb550000 - 0x00007ff8eb630000 	C:\WINDOWS\System32\OLEAUT32.dll
0x00007ff8c5f90000 - 0x00007ff8c5fc9000 	C:\WINDOWS\SYSTEM32\dbgcore.DLL
0x00007ff8e90d0000 - 0x00007ff8e9169000 	C:\WINDOWS\System32\bcryptPrimitives.dll
0x00007ff89d730000 - 0x00007ff89d755000 	C:\Program Files\Java\jdk-17\bin\java.dll
0x00007ff89d410000 - 0x00007ff89d4e6000 	C:\Program Files\Java\jdk-17\bin\svml.dll
0x00007ff8e9450000 - 0x00007ff8e9b7d000 	C:\WINDOWS\System32\SHELL32.dll
0x00007ff8e9170000 - 0x00007ff8e92e4000 	C:\WINDOWS\System32\wintypes.dll
0x00007ff8e6440000 - 0x00007ff8e6c96000 	C:\WINDOWS\SYSTEM32\windows.storage.dll
0x00007ff8eaf30000 - 0x00007ff8eb01f000 	C:\WINDOWS\System32\SHCORE.dll
0x00007ff8eb120000 - 0x00007ff8eb189000 	C:\WINDOWS\System32\shlwapi.dll
0x00007ff8e8720000 - 0x00007ff8e874f000 	C:\WINDOWS\SYSTEM32\profapi.dll
0x00007ff89d3f0000 - 0x00007ff89d409000 	C:\Program Files\Java\jdk-17\bin\net.dll
0x00007ff8d9db0000 - 0x00007ff8d9ece000 	C:\WINDOWS\SYSTEM32\WINHTTP.dll
0x00007ff8e7ae0000 - 0x00007ff8e7b4a000 	C:\WINDOWS\system32\mswsock.dll
0x00007ff89d3d0000 - 0x00007ff89d3e5000 	C:\Program Files\Java\jdk-17\bin\nio.dll
0x00007ff89d3b0000 - 0x00007ff89d3c8000 	C:\Program Files\Java\jdk-17\bin\zip.dll
0x00007ff8e5290000 - 0x00007ff8e52a0000 	C:\Program Files\Java\jdk-17\bin\verify.dll

dbghelp: loaded successfully - version: 4.0.5 - missing functions: none
symbol engine: initialized successfully - sym options: 0x614 - pdb path: .;C:\Program Files\Java\jdk-17\bin;C:\WINDOWS\SYSTEM32;C:\WINDOWS\WinSxS\amd64_microsoft.windows.common-controls_6595b64144ccf1df_6.0.26100.3912_none_3e07963ce335137e;C:\Program Files\Java\jdk-17\bin\server

VM Arguments:
jvm_args: -Xmx64m -Xms64m -Dorg.gradle.appname=gradlew 
java_command: org.gradle.wrapper.GradleWrapperMain app:installDebug -PreactNativeDevServerPort=8081
java_class_path (initial): D:\WebSeederProjects\Matrimonial\android\\gradle\wrapper\gradle-wrapper.jar
Launcher Type: SUN_STANDARD

[Global flags]
     intx CICompilerCount                          = 3                                         {product} {ergonomic}
     uint ConcGCThreads                            = 1                                         {product} {ergonomic}
     uint G1ConcRefinementThreads                  = 4                                         {product} {ergonomic}
   size_t G1HeapRegionSize                         = 1048576                                   {product} {ergonomic}
    uintx GCDrainStackTargetSize                   = 64                                        {product} {ergonomic}
   size_t InitialHeapSize                          = 67108864                                  {product} {command line}
   size_t MarkStackSize                            = 4194304                                   {product} {ergonomic}
   size_t MaxHeapSize                              = 67108864                                  {product} {command line}
   size_t MaxNewSize                               = 39845888                                  {product} {ergonomic}
   size_t MinHeapDeltaBytes                        = 1048576                                   {product} {ergonomic}
   size_t MinHeapSize                              = 67108864                                  {product} {command line}
    uintx NonNMethodCodeHeapSize                   = 5832780                                {pd product} {ergonomic}
    uintx NonProfiledCodeHeapSize                  = 122912730                              {pd product} {ergonomic}
    uintx ProfiledCodeHeapSize                     = 122912730                              {pd product} {ergonomic}
    uintx ReservedCodeCacheSize                    = 251658240                              {pd product} {ergonomic}
     bool SegmentedCodeCache                       = true                                      {product} {ergonomic}
   size_t SoftMaxHeapSize                          = 67108864                               {manageable} {ergonomic}
     bool UseCompressedClassPointers               = true                           {product lp64_product} {ergonomic}
     bool UseCompressedOops                        = true                           {product lp64_product} {ergonomic}
     bool UseG1GC                                  = true                                      {product} {ergonomic}
     bool UseLargePagesIndividualAllocation        = false                                  {pd product} {ergonomic}

Logging:
Log output configuration:
 #0: stdout all=warning uptime,level,tags
 #1: stderr all=off uptime,level,tags

Environment Variables:
JAVA_HOME=C:\Program Files\Java\jdk-17
CLASSPATH=D:\WebSeederProjects\Matrimonial\android\\gradle\wrapper\gradle-wrapper.jar
PATH=D:\WebSeederProjects\Matrimonial\node_modules\.bin;D:\WebSeederProjects\Matrimonial\node_modules\.bin;D:\WebSeederProjects\node_modules\.bin;D:\node_modules\.bin;D:\node_modules\npm\node_modules\@npmcli\run-script\lib\node-gyp-bin;C:\Users\OS\AppData\Local\Temp\yarn--1747728175419-0.19869900982144917;D:\WebSeederProjects\Matrimonial\node_modules\.bin;C:\Users\OS\AppData\Local\Yarn\Data\link\node_modules\.bin;C:\Users\OS\AppData\Local\Yarn\bin;D:\libexec\lib\node_modules\npm\bin\node-gyp-bin;D:\lib\node_modules\npm\bin\node-gyp-bin;D:\node_modules\npm\bin\node-gyp-bin;C:\Program Files\Common Files\Oracle\Java\javapath;C:\WINDOWS\system32;C:\WINDOWS;C:\WINDOWS\System32\Wbem;C:\WINDOWS\System32\WindowsPowerShell\v1.0\;C:\WINDOWS\System32\OpenSSH\;D:\;C:\ProgramData\chocolatey\bin;C:\Users\OS\AppData\Local\Android\Sdk;C:\Program Files\Android\Android Studio\bin;C:\Program Files\Java\jdk-17\bin;C:\Program Files\Java\jdk-17\bin;D:\Git\cmd;C:\Users\OS\AppData\Roaming\npm;C:\Users\OS\AppData\Local\Android\Sdk\platform-tools;C:\Users\OS\AppData\Local\Android\Sdk\tools;C:\Users\OS\AppData\Local\Programs\Microsoft VS Code\bin;C:\Users\OS\AppData\Local\GitHubDesktop\bin;%USERPROFILE%\AppData\Local\Microsoft\WindowsApps;
USERNAME=OS
LANG=en_US.UTF-8
OS=Windows_NT
PROCESSOR_IDENTIFIER=Intel64 Family 6 Model 140 Stepping 1, GenuineIntel



---------------  S Y S T E M  ---------------

OS:
 Windows 10 , 64 bit Build 26100 (10.0.26100.3912)
OS uptime: 0 days 7:24 hours
Hyper-V role detected

CPU: total 4 (initial active 4) (2 cores per cpu, 2 threads per core) family 6 model 140 stepping 1 microcode 0xb4, cx8, cmov, fxsr, ht, mmx, 3dnowpref, sse, sse2, sse3, ssse3, sse4.1, sse4.2, popcnt, lzcnt, tsc, tscinvbit, avx, avx2, aes, erms, clmul, bmi1, bmi2, adx, avx512f, avx512dq, avx512cd, avx512bw, avx512vl, sha, fma, vzeroupper, avx512_vpopcntdq, avx512_vpclmulqdq, avx512_vaes, avx512_vnni, clflush, clflushopt, clwb, avx512_vbmi2, avx512_vbmi, hv

Memory: 4k page, system-wide physical 7834M (455M free)
TotalPageFile size 31386M (AvailPageFile size 5M)
current process WorkingSet (physical memory assigned to process): 55M, peak: 55M
current process commit charge ("private bytes"): 141M, peak: 141M

vm_info: Java HotSpot(TM) 64-Bit Server VM (17+35-LTS-2724) for windows-amd64 JRE (17+35-LTS-2724), built on Aug  5 2021 23:28:28 by "mach5one" with MS VC++ 16.8 (VS2019)

END.
