#
# There is insufficient memory for the Java Runtime Environment to continue.
# Native memory allocation (mmap) failed to map 67108864 bytes for G1 virtual space
# Possible reasons:
#   The system is out of physical RAM or swap space
#   The process is running with CompressedOops enabled, and the Java Heap may be blocking the growth of the native heap
# Possible solutions:
#   Reduce memory load on the system
#   Increase physical memory or swap space
#   Check if swap backing store is full
#   Decrease Java heap size (-Xmx/-Xms)
#   Decrease number of Java threads
#   Decrease Java thread stack sizes (-Xss)
#   Set larger code cache with -XX:ReservedCodeCacheSize=
#   JVM is running with Unscaled Compressed Oops mode in which the Java heap is
#     placed in the first 4GB address space. The Java Heap base address is the
#     maximum limit for the native heap growth. Please use -XX:HeapBaseMinAddress
#     to set the Java Heap base and to place the Java Heap above 4GB virtual address.
# This output file may be truncated or incomplete.
#
#  Out of Memory Error (os_windows.cpp:3469), pid=6808, tid=10648
#
# JRE version:  (17.0+35) (build )
# Java VM: Java HotSpot(TM) 64-Bit Server VM (17+35-LTS-2724, mixed mode, sharing, tiered, compressed oops, compressed class ptrs, g1 gc, windows-amd64)
# No core dump will be written. Minidumps are not enabled by default on client versions of Windows
#

---------------  S U M M A R Y ------------

Command Line: -Xmx64m -Xms64m -Dorg.gradle.appname=gradlew org.gradle.wrapper.GradleWrapperMain app:installDebug -PreactNativeDevServerPort=8081

Host: 11th Gen Intel(R) Core(TM) i3-1115G4 @ 3.00GHz, 4 cores, 7G,  Windows 10 , 64 bit Build 26100 (10.0.26100.4202)
Time: Mon Jun 23 17:09:46 2025 India Standard Time elapsed time: 0.202548 seconds (0d 0h 0m 0s)

---------------  T H R E A D  ---------------

Current thread (0x0000020d6ca7c1d0):  JavaThread "Unknown thread" [_thread_in_vm, id=10648, stack(0x000000f7d6f00000,0x000000f7d7000000)]

Stack: [0x000000f7d6f00000,0x000000f7d7000000]
Native frames: (J=compiled Java code, j=interpreted, Vv=VM code, C=native code)
V  [jvm.dll+0x66f8ea]
V  [jvm.dll+0x7ce224]
V  [jvm.dll+0x7cf9ce]
V  [jvm.dll+0x7d0033]
V  [jvm.dll+0x242bb5]
V  [jvm.dll+0x66c909]
V  [jvm.dll+0x6613d2]
V  [jvm.dll+0x30082b]
V  [jvm.dll+0x307db6]
V  [jvm.dll+0x357a0e]
V  [jvm.dll+0x357c3f]
V  [jvm.dll+0x2d7ae8]
V  [jvm.dll+0x2d8a54]
V  [jvm.dll+0x7a00a1]
V  [jvm.dll+0x365781]
V  [jvm.dll+0x77f59c]
V  [jvm.dll+0x3e805f]
V  [jvm.dll+0x3e9b01]
C  [jli.dll+0x527b]
C  [ucrtbase.dll+0x37b0]
C  [KERNEL32.DLL+0x2e8d7]
C  [ntdll.dll+0x3c34c]


---------------  P R O C E S S  ---------------

Threads class SMR info:
_java_thread_list=0x00007ffbf3157818, length=0, elements={
}

Java Threads: ( => current thread )

Other Threads:
  0x0000020d6ca9b480 GCTaskThread "GC Thread#0" [stack: 0x000000f7d7000000,0x000000f7d7100000] [id=4644]
  0x0000020d6ca9cbc0 ConcurrentGCThread "G1 Main Marker" [stack: 0x000000f7d7100000,0x000000f7d7200000] [id=20204]
  0x0000020d6ca9d5d0 ConcurrentGCThread "G1 Conc#0" [stack: 0x000000f7d7200000,0x000000f7d7300000] [id=10324]

[error occurred during error reporting (printing all threads), id 0xc0000005, EXCEPTION_ACCESS_VIOLATION (0xc0000005) at pc=0x00007ffbf29a84c7]

VM state: not at safepoint (not fully initialized)

VM Mutex/Monitor currently owned by a thread:  ([mutex/lock_event])
[0x0000020d6c8ed3c0] Heap_lock - owner thread: 0x0000020d6ca7c1d0

Heap address: 0x00000000fc000000, size: 64 MB, Compressed Oops mode: 32-bit

CDS archive(s) mapped at: [0x0000000000000000-0x0000000000000000-0x0000000000000000), size 0, SharedBaseAddress: 0x0000000800000000, ArchiveRelocationMode: 0.
Narrow klass base: 0x0000000000000000, Narrow klass shift: 0, Narrow klass range: 0x0

GC Precious Log:
<Empty>

Heap:
 garbage-first heap   total 0K, used 0K [0x00000000fc000000, 0x0000000100000000)
  region size 1024K, 0 young (0K), 0 survivors (0K)

[error occurred during error reporting (printing heap information), id 0xc0000005, EXCEPTION_ACCESS_VIOLATION (0xc0000005) at pc=0x00007ffbf2d88c59]

GC Heap History (0 events):
No events

Deoptimization events (0 events):
No events

Classes unloaded (0 events):
No events

Classes redefined (0 events):
No events

Internal exceptions (0 events):
No events

VM Operations (0 events):
No events

Events (1 events):
Event: 0.009 Loaded shared library C:\Program Files\Java\jdk-17\bin\java.dll


Dynamic libraries:
0x00007ff750600000 - 0x00007ff750610000 	C:\Program Files\Java\jdk-17\bin\java.exe
0x00007ffc79b00000 - 0x00007ffc79d65000 	C:\WINDOWS\SYSTEM32\ntdll.dll
0x00007ffc78d80000 - 0x00007ffc78e49000 	C:\WINDOWS\System32\KERNEL32.DLL
0x00007ffc771c0000 - 0x00007ffc775a8000 	C:\WINDOWS\System32\KERNELBASE.dll
0x00007ffc77070000 - 0x00007ffc771bb000 	C:\WINDOWS\System32\ucrtbase.dll
0x00007ffc48560000 - 0x00007ffc48578000 	C:\Program Files\Java\jdk-17\bin\jli.dll
0x00007ffc39a10000 - 0x00007ffc39a2a000 	C:\Program Files\Java\jdk-17\bin\VCRUNTIME140.dll
0x00007ffc78660000 - 0x00007ffc78713000 	C:\WINDOWS\System32\ADVAPI32.dll
0x00007ffc79540000 - 0x00007ffc795e9000 	C:\WINDOWS\System32\msvcrt.dll
0x00007ffc79480000 - 0x00007ffc79526000 	C:\WINDOWS\System32\sechost.dll
0x00007ffc792e0000 - 0x00007ffc793f5000 	C:\WINDOWS\System32\RPCRT4.dll
0x00007ffc78a00000 - 0x00007ffc78bca000 	C:\WINDOWS\System32\USER32.dll
0x00007ffc5a480000 - 0x00007ffc5a71a000 	C:\WINDOWS\WinSxS\amd64_microsoft.windows.common-controls_6595b64144ccf1df_6.0.26100.4202_none_3e0698d4e335f517\COMCTL32.dll
0x00007ffc777c0000 - 0x00007ffc777e7000 	C:\WINDOWS\System32\win32u.dll
0x00007ffc79400000 - 0x00007ffc7942b000 	C:\WINDOWS\System32\GDI32.dll
0x00007ffc76db0000 - 0x00007ffc76ee7000 	C:\WINDOWS\System32\gdi32full.dll
0x00007ffc777f0000 - 0x00007ffc77893000 	C:\WINDOWS\System32\msvcp_win.dll
0x00007ffc745a0000 - 0x00007ffc745ab000 	C:\WINDOWS\SYSTEM32\VERSION.dll
0x00007ffc78530000 - 0x00007ffc78560000 	C:\WINDOWS\System32\IMM32.DLL
0x00007ffc5c530000 - 0x00007ffc5c53c000 	C:\Program Files\Java\jdk-17\bin\vcruntime140_1.dll
0x00007ffbf9cb0000 - 0x00007ffbf9d3d000 	C:\Program Files\Java\jdk-17\bin\msvcp140.dll
0x00007ffbf26c0000 - 0x00007ffbf327e000 	C:\Program Files\Java\jdk-17\bin\server\jvm.dll
0x00007ffc79960000 - 0x00007ffc79968000 	C:\WINDOWS\System32\PSAPI.DLL
0x00007ffc4fae0000 - 0x00007ffc4faea000 	C:\WINDOWS\SYSTEM32\WSOCK32.dll
0x00007ffc796e0000 - 0x00007ffc79754000 	C:\WINDOWS\System32\WS2_32.dll
0x00007ffc6c4d0000 - 0x00007ffc6c505000 	C:\WINDOWS\SYSTEM32\WINMM.dll
0x00007ffc759d0000 - 0x00007ffc759eb000 	C:\WINDOWS\SYSTEM32\kernel.appcore.dll
0x00007ffc4f980000 - 0x00007ffc4f98a000 	C:\Program Files\Java\jdk-17\bin\jimage.dll
0x00007ffc71520000 - 0x00007ffc71761000 	C:\WINDOWS\SYSTEM32\DBGHELP.DLL
0x00007ffc78020000 - 0x00007ffc783a5000 	C:\WINDOWS\System32\combase.dll
0x00007ffc795f0000 - 0x00007ffc796d1000 	C:\WINDOWS\System32\OLEAUT32.dll
0x00007ffc58c10000 - 0x00007ffc58c49000 	C:\WINDOWS\SYSTEM32\dbgcore.DLL
0x00007ffc76c50000 - 0x00007ffc76ce9000 	C:\WINDOWS\System32\bcryptPrimitives.dll
0x00007ffc245f0000 - 0x00007ffc24615000 	C:\Program Files\Java\jdk-17\bin\java.dll

dbghelp: loaded successfully - version: 4.0.5 - missing functions: none
symbol engine: initialized successfully - sym options: 0x614 - pdb path: .;C:\Program Files\Java\jdk-17\bin;C:\WINDOWS\SYSTEM32;C:\WINDOWS\WinSxS\amd64_microsoft.windows.common-controls_6595b64144ccf1df_6.0.26100.4202_none_3e0698d4e335f517;C:\Program Files\Java\jdk-17\bin\server

VM Arguments:
jvm_args: -Xmx64m -Xms64m -Dorg.gradle.appname=gradlew 
java_command: org.gradle.wrapper.GradleWrapperMain app:installDebug -PreactNativeDevServerPort=8081
java_class_path (initial): D:\Github\Matrimonial\android\\gradle\wrapper\gradle-wrapper.jar
Launcher Type: SUN_STANDARD

[Global flags]
     intx CICompilerCount                          = 3                                         {product} {ergonomic}
     uint ConcGCThreads                            = 1                                         {product} {ergonomic}
     uint G1ConcRefinementThreads                  = 4                                         {product} {ergonomic}
   size_t G1HeapRegionSize                         = 1048576                                   {product} {ergonomic}
    uintx GCDrainStackTargetSize                   = 64                                        {product} {ergonomic}
   size_t InitialHeapSize                          = 67108864                                  {product} {command line}
   size_t MarkStackSize                            = 4194304                                   {product} {ergonomic}
   size_t MaxHeapSize                              = 67108864                                  {product} {command line}
   size_t MinHeapDeltaBytes                        = 1048576                                   {product} {ergonomic}
   size_t MinHeapSize                              = 67108864                                  {product} {command line}
    uintx NonNMethodCodeHeapSize                   = 5832780                                {pd product} {ergonomic}
    uintx NonProfiledCodeHeapSize                  = 122912730                              {pd product} {ergonomic}
    uintx ProfiledCodeHeapSize                     = 122912730                              {pd product} {ergonomic}
    uintx ReservedCodeCacheSize                    = 251658240                              {pd product} {ergonomic}
     bool SegmentedCodeCache                       = true                                      {product} {ergonomic}
   size_t SoftMaxHeapSize                          = 67108864                               {manageable} {ergonomic}
     bool UseCompressedClassPointers               = true                           {product lp64_product} {ergonomic}
     bool UseCompressedOops                        = true                           {product lp64_product} {ergonomic}
     bool UseG1GC                                  = true                                      {product} {ergonomic}
     bool UseLargePagesIndividualAllocation        = false                                  {pd product} {ergonomic}

Logging:
Log output configuration:
 #0: stdout all=warning uptime,level,tags
 #1: stderr all=off uptime,level,tags

Environment Variables:
JAVA_HOME=C:\Program Files\Java\jdk-17
CLASSPATH=D:\Github\Matrimonial\android\\gradle\wrapper\gradle-wrapper.jar
PATH=D:\Github\Matrimonial\node_modules\.bin;D:\Github\Matrimonial\node_modules\.bin;D:\Github\node_modules\.bin;D:\node_modules\.bin;D:\node_modules\npm\node_modules\@npmcli\run-script\lib\node-gyp-bin;C:\Users\OS\AppData\Local\Temp\yarn--1750669020214-0.7336191693160885;D:\Github\Matrimonial\node_modules\.bin;C:\Users\OS\AppData\Local\Yarn\Data\link\node_modules\.bin;C:\Users\OS\AppData\Local\Yarn\bin;D:\libexec\lib\node_modules\npm\bin\node-gyp-bin;D:\lib\node_modules\npm\bin\node-gyp-bin;D:\node_modules\npm\bin\node-gyp-bin;C:\Program Files\Common Files\Oracle\Java\javapath;C:\WINDOWS\system32;C:\WINDOWS;C:\WINDOWS\System32\Wbem;C:\WINDOWS\System32\WindowsPowerShell\v1.0\;C:\WINDOWS\System32\OpenSSH\;D:\;C:\ProgramData\chocolatey\bin;C:\Users\OS\AppData\Local\Android\Sdk;C:\Program Files\Android\Android Studio\bin;C:\Program Files\Java\jdk-17\bin;C:\Program Files\Java\jdk-17\bin;D:\Git\cmd;C:\Users\OS\AppData\Roaming\npm;C:\Users\OS\AppData\Local\Android\Sdk\platform-tools;C:\Users\OS\AppData\Local\Android\Sdk\tools;C:\Users\OS\AppData\Local\Programs\Microsoft VS Code\bin;C:\Users\OS\AppData\Local\GitHubDesktop\bin;%USERPROFILE%\AppData\Local\Microsoft\WindowsApps;C:\ProgramData\OS\GitHubDesktop\bin
USERNAME=OS
LANG=en_US.UTF-8
OS=Windows_NT
PROCESSOR_IDENTIFIER=Intel64 Family 6 Model 140 Stepping 1, GenuineIntel



---------------  S Y S T E M  ---------------

OS:
 Windows 10 , 64 bit Build 26100 (10.0.26100.4202)
OS uptime: 1 days 3:13 hours
Hyper-V role detected

CPU: total 4 (initial active 4) (2 cores per cpu, 2 threads per core) family 6 model 140 stepping 1 microcode 0xb4, cx8, cmov, fxsr, ht, mmx, 3dnowpref, sse, sse2, sse3, ssse3, sse4.1, sse4.2, popcnt, lzcnt, tsc, tscinvbit, avx, avx2, aes, erms, clmul, bmi1, bmi2, adx, avx512f, avx512dq, avx512cd, avx512bw, avx512vl, sha, fma, vzeroupper, avx512_vpopcntdq, avx512_vpclmulqdq, avx512_vaes, avx512_vnni, clflush, clflushopt, clwb, avx512_vbmi2, avx512_vbmi, hv

Memory: 4k page, system-wide physical 7834M (498M free)
TotalPageFile size 31386M (AvailPageFile size 62M)
current process WorkingSet (physical memory assigned to process): 12M, peak: 12M
current process commit charge ("private bytes"): 51M, peak: 115M

vm_info: Java HotSpot(TM) 64-Bit Server VM (17+35-LTS-2724) for windows-amd64 JRE (17+35-LTS-2724), built on Aug  5 2021 23:28:28 by "mach5one" with MS VC++ 16.8 (VS2019)

END.
