#
# There is insufficient memory for the Java Runtime Environment to continue.
# Native memory allocation (mmap) failed to map 1048576 bytes for G1 virtual space
# Possible reasons:
#   The system is out of physical RAM or swap space
#   The process is running with CompressedOops enabled, and the Java Heap may be blocking the growth of the native heap
# Possible solutions:
#   Reduce memory load on the system
#   Increase physical memory or swap space
#   Check if swap backing store is full
#   Decrease Java heap size (-Xmx/-Xms)
#   Decrease number of Java threads
#   Decrease Java thread stack sizes (-Xss)
#   Set larger code cache with -XX:ReservedCodeCacheSize=
#   JVM is running with Unscaled Compressed Oops mode in which the Java heap is
#     placed in the first 4GB address space. The Java Heap base address is the
#     maximum limit for the native heap growth. Please use -XX:HeapBaseMinAddress
#     to set the Java Heap base and to place the Java Heap above 4GB virtual address.
# This output file may be truncated or incomplete.
#
#  Out of Memory Error (os_windows.cpp:3469), pid=2088, tid=7428
#
# JRE version:  (17.0+35) (build )
# Java VM: Java HotSpot(TM) 64-Bit Server VM (17+35-LTS-2724, mixed mode, sharing, tiered, compressed oops, compressed class ptrs, g1 gc, windows-amd64)
# No core dump will be written. Minidumps are not enabled by default on client versions of Windows
#

---------------  S U M M A R Y ------------

Command Line: -Xmx64m -Xms64m -Dorg.gradle.appname=gradlew org.gradle.wrapper.GradleWrapperMain app:installDebug -PreactNativeDevServerPort=8081

Host: 11th Gen Intel(R) Core(TM) i3-1115G4 @ 3.00GHz, 4 cores, 7G,  Windows 10 , 64 bit Build 26100 (10.0.26100.3037)
Time: Mon Feb 17 14:10:43 2025 India Standard Time elapsed time: 0.307797 seconds (0d 0h 0m 0s)

---------------  T H R E A D  ---------------

Current thread (0x000001d34fd89020):  JavaThread "Unknown thread" [_thread_in_vm, id=7428, stack(0x000000c314700000,0x000000c314800000)]

Stack: [0x000000c314700000,0x000000c314800000]
Native frames: (J=compiled Java code, j=interpreted, Vv=VM code, C=native code)
V  [jvm.dll+0x66f8ea]
V  [jvm.dll+0x7ce224]
V  [jvm.dll+0x7cf9ce]
V  [jvm.dll+0x7d0033]
V  [jvm.dll+0x242bb5]
V  [jvm.dll+0x66c909]
V  [jvm.dll+0x6613d2]
V  [jvm.dll+0x30082b]
V  [jvm.dll+0x307db6]
V  [jvm.dll+0x357a38]
V  [jvm.dll+0x357c3f]
V  [jvm.dll+0x2d7ae8]
V  [jvm.dll+0x2d8a54]
V  [jvm.dll+0x7a00a1]
V  [jvm.dll+0x365781]
V  [jvm.dll+0x77f59c]
V  [jvm.dll+0x3e805f]
V  [jvm.dll+0x3e9b01]
C  [jli.dll+0x527b]
C  [ucrtbase.dll+0x37b0]
C  [KERNEL32.DLL+0x2e8d7]
C  [ntdll.dll+0xbbf2c]


---------------  P R O C E S S  ---------------

Threads class SMR info:
_java_thread_list=0x00007ffcc9b87818, length=0, elements={
}

Java Threads: ( => current thread )

Other Threads:
  0x000001d34fda9d20 GCTaskThread "GC Thread#0" [stack: 0x000000c314800000,0x000000c314900000] [id=3680]
  0x000001d34fdab460 ConcurrentGCThread "G1 Main Marker" [stack: 0x000000c314900000,0x000000c314a00000] [id=14304]
  0x000001d34fdacb40 ConcurrentGCThread "G1 Conc#0" [stack: 0x000000c314a00000,0x000000c314b00000] [id=14812]

[error occurred during error reporting (printing all threads), id 0xc0000005, EXCEPTION_ACCESS_VIOLATION (0xc0000005) at pc=0x00007ffcc93d84c7]

VM state: not at safepoint (not fully initialized)

VM Mutex/Monitor currently owned by a thread:  ([mutex/lock_event])
[0x000001d34fd85a50] Heap_lock - owner thread: 0x000001d34fd89020

Heap address: 0x00000000fc000000, size: 64 MB, Compressed Oops mode: 32-bit

CDS archive(s) mapped at: [0x0000000000000000-0x0000000000000000-0x0000000000000000), size 0, SharedBaseAddress: 0x0000000800000000, ArchiveRelocationMode: 0.
Narrow klass base: 0x0000000000000000, Narrow klass shift: 0, Narrow klass range: 0x0

GC Precious Log:
<Empty>

Heap:
 garbage-first heap   total 0K, used 0K [0x00000000fc000000, 0x0000000100000000)
  region size 1024K, 0 young (0K), 0 survivors (0K)

[error occurred during error reporting (printing heap information), id 0xc0000005, EXCEPTION_ACCESS_VIOLATION (0xc0000005) at pc=0x00007ffcc97b8c59]

GC Heap History (0 events):
No events

Deoptimization events (0 events):
No events

Classes unloaded (0 events):
No events

Classes redefined (0 events):
No events

Internal exceptions (0 events):
No events

VM Operations (0 events):
No events

Events (1 events):
Event: 0.012 Loaded shared library C:\Program Files\Java\jdk-17\bin\java.dll


Dynamic libraries:
0x00007ff64c310000 - 0x00007ff64c320000 	C:\Program Files\Java\jdk-17\bin\java.exe
0x00007ffd453e0000 - 0x00007ffd45643000 	C:\WINDOWS\SYSTEM32\ntdll.dll
0x00007ffd44120000 - 0x00007ffd441e7000 	C:\WINDOWS\System32\KERNEL32.DLL
0x00007ffd42c40000 - 0x00007ffd43007000 	C:\WINDOWS\System32\KERNELBASE.dll
0x00007ffd430d0000 - 0x00007ffd4321c000 	C:\WINDOWS\System32\ucrtbase.dll
0x00007ffcc9d60000 - 0x00007ffcc9d78000 	C:\Program Files\Java\jdk-17\bin\jli.dll
0x00007ffd449f0000 - 0x00007ffd44aa4000 	C:\WINDOWS\System32\ADVAPI32.dll
0x00007ffd43380000 - 0x00007ffd43429000 	C:\WINDOWS\System32\msvcrt.dll
0x00007ffd44200000 - 0x00007ffd442a6000 	C:\WINDOWS\System32\sechost.dll
0x00007ffd43840000 - 0x00007ffd43956000 	C:\WINDOWS\System32\RPCRT4.dll
0x00007ffcc9d40000 - 0x00007ffcc9d5a000 	C:\Program Files\Java\jdk-17\bin\VCRUNTIME140.dll
0x00007ffd43430000 - 0x00007ffd435f9000 	C:\WINDOWS\System32\USER32.dll
0x00007ffd42810000 - 0x00007ffd42837000 	C:\WINDOWS\System32\win32u.dll
0x00007ffd44010000 - 0x00007ffd4403a000 	C:\WINDOWS\System32\GDI32.dll
0x00007ffd42a70000 - 0x00007ffd42b9b000 	C:\WINDOWS\System32\gdi32full.dll
0x00007ffd42840000 - 0x00007ffd428e3000 	C:\WINDOWS\System32\msvcp_win.dll
0x00007ffd23c70000 - 0x00007ffd23f00000 	C:\WINDOWS\WinSxS\amd64_microsoft.windows.common-controls_6595b64144ccf1df_6.0.26100.3037_none_3e09262ce333c378\COMCTL32.dll
0x00007ffd33c50000 - 0x00007ffd33c5b000 	C:\WINDOWS\SYSTEM32\VERSION.dll
0x00007ffd45340000 - 0x00007ffd4536f000 	C:\WINDOWS\System32\IMM32.DLL
0x00007ffcdb870000 - 0x00007ffcdb87c000 	C:\Program Files\Java\jdk-17\bin\vcruntime140_1.dll
0x00007ffcc9cb0000 - 0x00007ffcc9d3d000 	C:\Program Files\Java\jdk-17\bin\msvcp140.dll
0x00007ffcc90f0000 - 0x00007ffcc9cae000 	C:\Program Files\Java\jdk-17\bin\server\jvm.dll
0x00007ffd43e60000 - 0x00007ffd43e68000 	C:\WINDOWS\System32\PSAPI.DLL
0x00007ffcc90e0000 - 0x00007ffcc90ea000 	C:\WINDOWS\SYSTEM32\WSOCK32.dll
0x00007ffd44040000 - 0x00007ffd440b4000 	C:\WINDOWS\System32\WS2_32.dll
0x00007ffd38d80000 - 0x00007ffd38db6000 	C:\WINDOWS\SYSTEM32\WINMM.dll
0x00007ffd41570000 - 0x00007ffd4158a000 	C:\WINDOWS\SYSTEM32\kernel.appcore.dll
0x00007ffcc90d0000 - 0x00007ffcc90da000 	C:\Program Files\Java\jdk-17\bin\jimage.dll
0x00007ffd3fea0000 - 0x00007ffd400e1000 	C:\WINDOWS\SYSTEM32\DBGHELP.DLL
0x00007ffd44b20000 - 0x00007ffd44e9e000 	C:\WINDOWS\System32\combase.dll
0x00007ffd43710000 - 0x00007ffd437e6000 	C:\WINDOWS\System32\OLEAUT32.dll
0x00007ffd238d0000 - 0x00007ffd23909000 	C:\WINDOWS\SYSTEM32\dbgcore.DLL
0x00007ffd42ba0000 - 0x00007ffd42c39000 	C:\WINDOWS\System32\bcryptPrimitives.dll
0x00007ffcc90a0000 - 0x00007ffcc90c5000 	C:\Program Files\Java\jdk-17\bin\java.dll

dbghelp: loaded successfully - version: 4.0.5 - missing functions: none
symbol engine: initialized successfully - sym options: 0x614 - pdb path: .;C:\Program Files\Java\jdk-17\bin;C:\WINDOWS\SYSTEM32;C:\WINDOWS\WinSxS\amd64_microsoft.windows.common-controls_6595b64144ccf1df_6.0.26100.3037_none_3e09262ce333c378;C:\Program Files\Java\jdk-17\bin\server

VM Arguments:
jvm_args: -Xmx64m -Xms64m -Dorg.gradle.appname=gradlew 
java_command: org.gradle.wrapper.GradleWrapperMain app:installDebug -PreactNativeDevServerPort=8081
java_class_path (initial): D:\WebSeederProjects\Matrimonial\android\\gradle\wrapper\gradle-wrapper.jar
Launcher Type: SUN_STANDARD

[Global flags]
     intx CICompilerCount                          = 3                                         {product} {ergonomic}
     uint ConcGCThreads                            = 1                                         {product} {ergonomic}
     uint G1ConcRefinementThreads                  = 4                                         {product} {ergonomic}
   size_t G1HeapRegionSize                         = 1048576                                   {product} {ergonomic}
    uintx GCDrainStackTargetSize                   = 64                                        {product} {ergonomic}
   size_t InitialHeapSize                          = 67108864                                  {product} {command line}
   size_t MarkStackSize                            = 4194304                                   {product} {ergonomic}
   size_t MaxHeapSize                              = 67108864                                  {product} {command line}
   size_t MinHeapDeltaBytes                        = 1048576                                   {product} {ergonomic}
   size_t MinHeapSize                              = 67108864                                  {product} {command line}
    uintx NonNMethodCodeHeapSize                   = 5832780                                {pd product} {ergonomic}
    uintx NonProfiledCodeHeapSize                  = 122912730                              {pd product} {ergonomic}
    uintx ProfiledCodeHeapSize                     = 122912730                              {pd product} {ergonomic}
    uintx ReservedCodeCacheSize                    = 251658240                              {pd product} {ergonomic}
     bool SegmentedCodeCache                       = true                                      {product} {ergonomic}
   size_t SoftMaxHeapSize                          = 67108864                               {manageable} {ergonomic}
     bool UseCompressedClassPointers               = true                           {product lp64_product} {ergonomic}
     bool UseCompressedOops                        = true                           {product lp64_product} {ergonomic}
     bool UseG1GC                                  = true                                      {product} {ergonomic}
     bool UseLargePagesIndividualAllocation        = false                                  {pd product} {ergonomic}

Logging:
Log output configuration:
 #0: stdout all=warning uptime,level,tags
 #1: stderr all=off uptime,level,tags

Environment Variables:
JAVA_HOME=C:\Program Files\Java\jdk-17
CLASSPATH=D:\WebSeederProjects\Matrimonial\android\\gradle\wrapper\gradle-wrapper.jar
PATH=D:\WebSeederProjects\Matrimonial\node_modules\.bin;D:\WebSeederProjects\Matrimonial\node_modules\.bin;D:\WebSeederProjects\node_modules\.bin;D:\node_modules\.bin;D:\node_modules\npm\node_modules\@npmcli\run-script\lib\node-gyp-bin;C:\Users\OS\AppData\Local\Temp\yarn--1739771172654-0.2528194359724749;D:\WebSeederProjects\Matrimonial\node_modules\.bin;C:\Users\OS\AppData\Local\Yarn\Data\link\node_modules\.bin;C:\Users\OS\AppData\Local\Yarn\bin;D:\libexec\lib\node_modules\npm\bin\node-gyp-bin;D:\lib\node_modules\npm\bin\node-gyp-bin;D:\node_modules\npm\bin\node-gyp-bin;C:\Program Files\Common Files\Oracle\Java\javapath;C:\WINDOWS\system32;C:\WINDOWS;C:\WINDOWS\System32\Wbem;C:\WINDOWS\System32\WindowsPowerShell\v1.0\;C:\WINDOWS\System32\OpenSSH\;D:\;C:\ProgramData\chocolatey\bin;C:\Users\OS\AppData\Local\Android\Sdk;C:\Program Files\Android\Android Studio\bin;C:\Program Files\Java\jdk-17\bin;C:\Program Files\Java\jdk-17\bin;D:\Git\cmd;C:\Users\OS\AppData\Roaming\npm;C:\Users\OS\AppData\Local\Android\Sdk\platform-tools;C:\Users\OS\AppData\Local\Android\Sdk\tools;C:\Users\OS\AppData\Local\Programs\Microsoft VS Code\bin;C:\Users\OS\AppData\Local\GitHubDesktop\bin;%USERPROFILE%\AppData\Local\Microsoft\WindowsApps;
USERNAME=OS
LANG=en_US.UTF-8
OS=Windows_NT
PROCESSOR_IDENTIFIER=Intel64 Family 6 Model 140 Stepping 1, GenuineIntel



---------------  S Y S T E M  ---------------

OS:
 Windows 10 , 64 bit Build 26100 (10.0.26100.3037)
OS uptime: 0 days 3:52 hours
Hyper-V role detected

CPU: total 4 (initial active 4) (2 cores per cpu, 2 threads per core) family 6 model 140 stepping 1 microcode 0xb4, cx8, cmov, fxsr, ht, mmx, 3dnowpref, sse, sse2, sse3, ssse3, sse4.1, sse4.2, popcnt, lzcnt, tsc, tscinvbit, avx, avx2, aes, erms, clmul, bmi1, bmi2, adx, avx512f, avx512dq, avx512cd, avx512bw, avx512vl, sha, fma, vzeroupper, avx512_vpopcntdq, avx512_vpclmulqdq, avx512_vaes, avx512_vnni, clflush, clflushopt, clwb, avx512_vbmi2, avx512_vbmi, hv

Memory: 4k page, system-wide physical 7834M (551M free)
TotalPageFile size 31194M (AvailPageFile size 20M)
current process WorkingSet (physical memory assigned to process): 12M, peak: 12M
current process commit charge ("private bytes"): 116M, peak: 117M

vm_info: Java HotSpot(TM) 64-Bit Server VM (17+35-LTS-2724) for windows-amd64 JRE (17+35-LTS-2724), built on Aug  5 2021 23:28:28 by "mach5one" with MS VC++ 16.8 (VS2019)

END.
